<?xml version="1.0" encoding="UTF-8"?>
<testsuite xmlns:xsi="http://www.w3.org/2001/XMLSchema-instance" xsi:noNamespaceSchemaLocation="https://maven.apache.org/surefire/maven-surefire-plugin/xsd/surefire-test-report.xsd" version="3.0.2" name="com.nandrekha.ApplicationTests" time="4.448" tests="1" errors="0" skipped="0" failures="0">
  <properties>
[...]
</properties>
  <testcase name="contextLoads" classname="com.nandrekha.ApplicationTests" time="1.224">
    <system-out><![CDATA[11:35:41.143 [main] INFO org.springframework.test.context.support.AnnotationConfigContextLoaderUtils -- Could not detect default configuration classes for test class [com.nandrekha.ApplicationTests]: ApplicationTests does not declare any static, non-private, non-final, nested classes annotated with @Configuration.
11:35:41.312 [main] INFO org.springframework.boot.test.context.SpringBootTestContextBootstrapper -- Found @SpringBootConfiguration com.nandrekha.Application for test class com.nandrekha.ApplicationTests
11:35:41.620 [main] INFO org.springframework.boot.devtools.restart.RestartApplicationListener -- Restart disabled due to context in which it is running

  .   ____          _            __ _ _
 /\\ / ___'_ __ _ _(_)_ __  __ _ \ \ \ \
( ( )\___ | '_ | '_| | '_ \/ _` | \ \ \ \
 \\/  ___)| |_)| | | | | || (_| |  ) ) ) )
  '  |____| .__|_| |_|_| |_\__, | / / / /
 =========|_|==============|___/=/_/_/_/

 :: Spring Boot ::               (v3.5.10)

2026-02-04T11:35:42.111+05:30  INFO 4704 --- [25-IRCTC-API] [           main] com.nandrekha.ApplicationTests           : Starting ApplicationTests using Java 17.0.18 with PID 4704 (started by Manish kumar in D:\STUDY\OneDrive\Desktop\Java_Notes\05.SBMS\SpringBoot-workspace\25-IRCTC-API)
2026-02-04T11:35:42.114+05:30  INFO 4704 --- [25-IRCTC-API] [           main] com.nandrekha.ApplicationTests           : No active profile set, falling back to 1 default profile: "default"
2026-02-04T11:35:43.659+05:30  INFO 4704 --- [25-IRCTC-API] [           main] o.s.v.b.OptionalValidatorFactoryBean     : Failed to set up a Bean Validation provider: jakarta.validation.NoProviderFoundException: Unable to create a Configuration, because no Jakarta Bean Validation provider could be found. Add a provider like Hibernate Validator (RI) to your classpath.
2026-02-04T11:35:44.118+05:30  INFO 4704 --- [25-IRCTC-API] [           main] com.nandrekha.ApplicationTests           : Started ApplicationTests in 2.521 seconds (process running for 3.956)
]]></system-out>
  </testcase>
</testsuite>